<?xml version="1.0" encoding="UTF-8"?>
<testng-results ignored="0" total="1" passed="1" failed="0" skipped="0">
  <reporter-output>
  </reporter-output>
  <suite started-at="2026-04-01T01:15:13 IST" name="Suite" finished-at="2026-04-01T01:15:15 IST" duration-ms="1647">
    <groups>
    </groups>
    <test started-at="2026-04-01T01:15:13 IST" name="Test" finished-at="2026-04-01T01:15:15 IST" duration-ms="1647">
      <class name="test.DBTestCases">
        <test-method is-config="true" signature="DBSetUp()[pri:0, instance:test.DBTestCases@2f465398]" started-at="2026-04-01T01:15:13 IST" name="DBSetUp" finished-at="2026-04-01T01:15:13 IST" duration-ms="403" status="PASS">
          <reporter-output>
          </reporter-output>
        </test-method> <!-- DBSetUp -->
        <test-method signature="testUserStatusInDB(java.lang.String,java.lang.String,java.lang.String,java.lang.String)[pri:1, instance:test.DBTestCases@2f465398]" started-at="2026-04-01T01:15:15 IST" name="testUserStatusInDB" data-provider="LoginData" finished-at="2026-04-01T01:15:15 IST" duration-ms="40" status="PASS">
          <params>
            <param index="0">
              <value>
                <![CDATA[SELECT email FROM pytest_db.users ORDER by created_at DESC LIMIT 1;]]>
              </value>
            </param>
            <param index="1">
              <value>
                <![CDATA[select password from pytest_db.users order by created_at desc limit 1]]>
              </value>
            </param>
            <param index="2">
              <value>
                <![CDATA[testemailmvb855nvj04@email.com03]]>
              </value>
            </param>
            <param index="3">
              <value>
                <![CDATA[Pasword98901jkdfs0894]]>
              </value>
            </param>
          </params>
          <reporter-output>
          </reporter-output>
        </test-method> <!-- testUserStatusInDB -->
      </class> <!-- test.DBTestCases -->
    </test> <!-- Test -->
  </suite> <!-- Suite -->
</testng-results>
